C:\USERS\SAUL\GOOGLE DRIVE\INVESTIGACION_PRIS\CENAT\PROPUESTA_TALLER_OCL\PRUEBAOPENCL\PRUEBAOPENCL\DEBUG\PRUEBAOPENCL.PCH
C:\USERS\SAUL\GOOGLE DRIVE\INVESTIGACION_PRIS\CENAT\PROPUESTA_TALLER_OCL\PRUEBAOPENCL\PRUEBAOPENCL\DEBUG\STDAFX.OBJ
C:\USERS\SAUL\GOOGLE DRIVE\INVESTIGACION_PRIS\CENAT\PROPUESTA_TALLER_OCL\PRUEBAOPENCL\PRUEBAOPENCL\DEBUG\VC110.PDB
C:\USERS\SAUL\GOOGLE DRIVE\INVESTIGACION_PRIS\CENAT\PROPUESTA_TALLER_OCL\PRUEBAOPENCL\PRUEBAOPENCL\DEBUG\PRUEBAOPENCL.OBJ
C:\USERS\SAUL\GOOGLE DRIVE\INVESTIGACION_PRIS\CENAT\PROPUESTA_TALLER_OCL\PRUEBAOPENCL\DEBUG\PRUEBAOPENCL.ILK
C:\USERS\SAUL\GOOGLE DRIVE\INVESTIGACION_PRIS\CENAT\PROPUESTA_TALLER_OCL\PRUEBAOPENCL\DEBUG\PRUEBAOPENCL.EXE
C:\USERS\SAUL\GOOGLE DRIVE\INVESTIGACION_PRIS\CENAT\PROPUESTA_TALLER_OCL\PRUEBAOPENCL\DEBUG\PRUEBAOPENCL.PDB
C:\Users\Saul\Desktop\Propuesta_taller_ocl\PruebaOpenCL\PruebaOpenCL\Debug\PruebaOpenCL.obj
C:\Users\Saul\Desktop\Propuesta_taller_ocl\PruebaOpenCL\PruebaOpenCL\Debug\stdafx.obj
C:\Users\Saul\Desktop\Propuesta_taller_ocl\PruebaOpenCL\PruebaOpenCL\Debug\cl.command.1.tlog
C:\Users\Saul\Desktop\Propuesta_taller_ocl\PruebaOpenCL\PruebaOpenCL\Debug\CL.read.1.tlog
C:\Users\Saul\Desktop\Propuesta_taller_ocl\PruebaOpenCL\PruebaOpenCL\Debug\CL.write.1.tlog
C:\Users\Saul\Desktop\Propuesta_taller_ocl\PruebaOpenCL\PruebaOpenCL\Debug\link-cvtres.read.1.tlog
C:\Users\Saul\Desktop\Propuesta_taller_ocl\PruebaOpenCL\PruebaOpenCL\Debug\link-cvtres.write.1.tlog
C:\Users\Saul\Desktop\Propuesta_taller_ocl\PruebaOpenCL\PruebaOpenCL\Debug\link-rc.read.1.tlog
C:\Users\Saul\Desktop\Propuesta_taller_ocl\PruebaOpenCL\PruebaOpenCL\Debug\link-rc.write.1.tlog
C:\Users\Saul\Desktop\Propuesta_taller_ocl\PruebaOpenCL\PruebaOpenCL\Debug\link.command.1.tlog
C:\Users\Saul\Desktop\Propuesta_taller_ocl\PruebaOpenCL\PruebaOpenCL\Debug\link.read.1.tlog
C:\Users\Saul\Desktop\Propuesta_taller_ocl\PruebaOpenCL\PruebaOpenCL\Debug\link.write.1.tlog
C:\Users\Saul\Desktop\Propuesta_taller_ocl\PruebaOpenCL\PruebaOpenCL\Debug\PruebaOpenCL.pch
C:\Users\Saul\Desktop\Propuesta_taller_ocl\PruebaOpenCL\PruebaOpenCL\Debug\vc110.idb
C:\Users\Saul\Desktop\Propuesta_taller_ocl\PruebaOpenCL\PruebaOpenCL\Debug\vc110.pdb
C:\Users\Saul\Desktop\Propuesta_taller_ocl\PruebaOpenCL\Debug\PruebaOpenCL.pdb
C:\Users\Saul\Desktop\Propuesta_taller_ocl\PruebaOpenCL\Debug\PruebaOpenCL.exe
C:\Users\Saul\Desktop\Propuesta_taller_ocl\PruebaOpenCL\Debug\PruebaOpenCL.ilk
